Classic Timing Analyzer report for CAP
Mon Jul 20 18:44:37 2020
Quartus II Version 9.0 Build 132 02/25/2009 SJ Web Edition


---------------------
; Table of Contents ;
---------------------
  1. Legal Notice
  2. Timing Analyzer Summary
  3. Timing Analyzer Settings
  4. Parallel Compilation
  5. tpd
  6. Timing Analyzer Messages



----------------
; Legal Notice ;
----------------
Copyright (C) 1991-2009 Altera Corporation
Your use of Altera Corporation's design tools, logic functions 
and other software and tools, and its AMPP partner logic 
functions, and any output files from any of the foregoing 
(including device programming or simulation files), and any 
associated documentation or information are expressly subject 
to the terms and conditions of the Altera Program License 
Subscription Agreement, Altera MegaCore Function License 
Agreement, or other applicable license agreement, including, 
without limitation, that your use is for the sole purpose of 
programming logic devices manufactured by Altera and sold by 
Altera or its authorized distributors.  Please refer to the 
applicable agreement for further details.



+-----------------------------------------------------------------------------------------------------------------------------------+
; Timing Analyzer Summary                                                                                                           ;
+------------------------------+-------+---------------+-------------+-----------+-----------+------------+----------+--------------+
; Type                         ; Slack ; Required Time ; Actual Time ; From      ; To        ; From Clock ; To Clock ; Failed Paths ;
+------------------------------+-------+---------------+-------------+-----------+-----------+------------+----------+--------------+
; Worst-case tpd               ; N/A   ; None          ; 9.604 ns    ; opcode[5] ; read_reg2 ; --         ; --       ; 0            ;
; Total number of failed paths ;       ;               ;             ;           ;           ;            ;          ; 0            ;
+------------------------------+-------+---------------+-------------+-----------+-----------+------------+----------+--------------+


+--------------------------------------------------------------------------------------------------------------------+
; Timing Analyzer Settings                                                                                           ;
+---------------------------------------------------------------------+--------------------+------+----+-------------+
; Option                                                              ; Setting            ; From ; To ; Entity Name ;
+---------------------------------------------------------------------+--------------------+------+----+-------------+
; Device Name                                                         ; EP2S15F484C3       ;      ;    ;             ;
; Timing Models                                                       ; Final              ;      ;    ;             ;
; Default hold multicycle                                             ; Same as Multicycle ;      ;    ;             ;
; Cut paths between unrelated clock domains                           ; On                 ;      ;    ;             ;
; Cut off read during write signal paths                              ; On                 ;      ;    ;             ;
; Cut off feedback from I/O pins                                      ; On                 ;      ;    ;             ;
; Report Combined Fast/Slow Timing                                    ; Off                ;      ;    ;             ;
; Ignore Clock Settings                                               ; Off                ;      ;    ;             ;
; Analyze latches as synchronous elements                             ; On                 ;      ;    ;             ;
; Enable Recovery/Removal analysis                                    ; Off                ;      ;    ;             ;
; Enable Clock Latency                                                ; Off                ;      ;    ;             ;
; Use TimeQuest Timing Analyzer                                       ; Off                ;      ;    ;             ;
; Number of source nodes to report per destination node               ; 10                 ;      ;    ;             ;
; Number of destination nodes to report                               ; 10                 ;      ;    ;             ;
; Number of paths to report                                           ; 200                ;      ;    ;             ;
; Report Minimum Timing Checks                                        ; Off                ;      ;    ;             ;
; Use Fast Timing Models                                              ; Off                ;      ;    ;             ;
; Report IO Paths Separately                                          ; Off                ;      ;    ;             ;
; Perform Multicorner Analysis                                        ; On                 ;      ;    ;             ;
; Reports the worst-case path for each clock domain and analysis      ; Off                ;      ;    ;             ;
; Removes common clock path pessimism (CCPP) during slack computation ; Off                ;      ;    ;             ;
; Output I/O Timing Endpoint                                          ; Near End           ;      ;    ;             ;
+---------------------------------------------------------------------+--------------------+------+----+-------------+


Parallel compilation was disabled, but you have multiple processors available. Enable parallel compilation to reduce compilation time.
+-------------------------------------+
; Parallel Compilation                ;
+----------------------------+--------+
; Processors                 ; Number ;
+----------------------------+--------+
; Number detected on machine ; 4      ;
; Maximum allowed            ; 1      ;
+----------------------------+--------+


+-----------------------------------------------------------------------+
; tpd                                                                   ;
+-------+-------------------+-----------------+-----------+-------------+
; Slack ; Required P2P Time ; Actual P2P Time ; From      ; To          ;
+-------+-------------------+-----------------+-----------+-------------+
; N/A   ; None              ; 9.604 ns        ; opcode[5] ; read_reg2   ;
; N/A   ; None              ; 9.549 ns        ; opcode[0] ; read_reg2   ;
; N/A   ; None              ; 9.508 ns        ; opcode[2] ; read_reg2   ;
; N/A   ; None              ; 9.444 ns        ; opcode[1] ; read_reg2   ;
; N/A   ; None              ; 9.319 ns        ; opcode[2] ; sign_extend ;
; N/A   ; None              ; 9.297 ns        ; opcode[3] ; read_reg2   ;
; N/A   ; None              ; 9.238 ns        ; opcode[4] ; read_reg2   ;
; N/A   ; None              ; 9.136 ns        ; opcode[5] ; sign_extend ;
; N/A   ; None              ; 9.075 ns        ; opcode[2] ; read_mem    ;
; N/A   ; None              ; 8.916 ns        ; opcode[1] ; sign_extend ;
; N/A   ; None              ; 8.892 ns        ; opcode[5] ; read_mem    ;
; N/A   ; None              ; 8.873 ns        ; opcode[5] ; write_mem   ;
; N/A   ; None              ; 8.800 ns        ; opcode[3] ; sign_extend ;
; N/A   ; None              ; 8.792 ns        ; opcode[4] ; sign_extend ;
; N/A   ; None              ; 8.779 ns        ; opcode[2] ; write_mem   ;
; N/A   ; None              ; 8.698 ns        ; opcode[0] ; write_mem   ;
; N/A   ; None              ; 8.687 ns        ; opcode[0] ; read_mem    ;
; N/A   ; None              ; 8.679 ns        ; opcode[3] ; read_mem    ;
; N/A   ; None              ; 8.569 ns        ; opcode[3] ; write_mem   ;
; N/A   ; None              ; 8.549 ns        ; opcode[4] ; read_mem    ;
; N/A   ; None              ; 8.515 ns        ; opcode[4] ; write_mem   ;
+-------+-------------------+-----------------+-----------+-------------+


+--------------------------+
; Timing Analyzer Messages ;
+--------------------------+
Info: *******************************************************************
Info: Running Quartus II Classic Timing Analyzer
    Info: Version 9.0 Build 132 02/25/2009 SJ Web Edition
    Info: Processing started: Mon Jul 20 18:44:36 2020
Info: Command: quartus_tan --read_settings_files=off --write_settings_files=off CAP -c CAP --timing_analysis_only
Info: Longest tpd from source pin "opcode[5]" to destination pin "read_reg2" is 9.604 ns
    Info: 1: + IC(0.000 ns) + CELL(0.857 ns) = 0.857 ns; Loc. = PIN_AB7; Fanout = 4; PIN Node = 'opcode[5]'
    Info: 2: + IC(4.431 ns) + CELL(0.357 ns) = 5.645 ns; Loc. = LCCOMB_X26_Y15_N0; Fanout = 1; COMB Node = 'inst7~0'
    Info: 3: + IC(1.961 ns) + CELL(1.998 ns) = 9.604 ns; Loc. = PIN_AB13; Fanout = 0; PIN Node = 'read_reg2'
    Info: Total cell delay = 3.212 ns ( 33.44 % )
    Info: Total interconnect delay = 6.392 ns ( 66.56 % )
Info: Quartus II Classic Timing Analyzer was successful. 0 errors, 0 warnings
    Info: Peak virtual memory: 199 megabytes
    Info: Processing ended: Mon Jul 20 18:44:37 2020
    Info: Elapsed time: 00:00:01
    Info: Total CPU time (on all processors): 00:00:00


